<?xml version="1.0" encoding="UTF-8"?>
<!-- Generated by org.testng.reporters.JUnitReportReporter -->
<testsuite skipped="0" hostname="DESKTOP-CIHR5FM" name="TestNG.TestNGBasics" tests="2" failures="0" timestamp="10 Sep 2019 14:25:57 GMT" time="0.017" errors="0">
  <testcase name="searchTest" time="0.003" classname="TestNG.TestNGBasics"/>
  <testcase name="googleTitleTest" time="0.014" classname="TestNG.TestNGBasics"/>
</testsuite> <!-- TestNG.TestNGBasics -->
